<?xml version="1.0" encoding="UTF-8" ?>
<testsuite errors="0" failures="0" hostname="dhp-3" name="chess.BoardTest" tests="7" time="5.485" timestamp="2013-01-07T11:48:06">
  <properties>
[...]
</properties>
  <testcase classname="chess.BoardTest" name="thereAre64Squares" time="0.952" />
  <testcase classname="chess.BoardTest" name="thereAre32Pieces" time="0.78" />
  <testcase classname="chess.BoardTest" name="whiteKingIsInE1" time="0.762" />
  <testcase classname="chess.BoardTest" name="blackQueenIsInD8" time="0.751" />
  <testcase classname="chess.BoardTest" name="thereAre16Pawns" time="0.741" />
  <testcase classname="chess.BoardTest" name="getPieceWorks1" time="0.709" />
  <testcase classname="chess.BoardTest" name="getPieceWorks2" time="0.708" />
  <system-out><![CDATA[]]></system-out>
  <system-err><![CDATA[]]></system-err>
</testsuite>
